*** Starting uWSGI 2.0.19.1 (64bit) on [Fri May 28 23:39:47 2021] ***
compiled with version: 9.3.0 on 28 May 2021 11:16:43
os: Linux-5.8.0-53-generic #60~20.04.1-Ubuntu SMP Thu May 6 09:52:46 UTC 2021
nodename: feesu-virtual-machine
machine: x86_64
clock source: unix
pcre jit disabled
detected number of CPU cores: 1
current working directory: /home/feesu/桌面/dailyfresh
writing pidfile to uwsgi2.pid
detected binary path: /home/feesu/.virtualenvs/itutor/bin/uwsgi
chdir() to /home/feesu/桌面/dailyfresh
your processes number limit is 51580
your memory page size is 4096 bytes
detected max file descriptor number: 1024
lock engine: pthread robust mutexes
thunder lock: disabled (you can enable it with --thunder-lock)
uwsgi socket 0 bound to TCP address 127.0.0.1:8081 fd 3
Python version: 3.6.13 (default, May  3 2021, 02:51:47)  [GCC 9.3.0]
PEP 405 virtualenv detected: /home/feesu/.virtualenvs/itutor
Set PythonHome to /home/feesu/.virtualenvs/itutor
Python main interpreter initialized at 0x55d74ec344b0
python threads support enabled
your server socket listen backlog is limited to 100 connections
your mercy for graceful operations on workers is 60 seconds
mapped 1031270 bytes (1007 KB) for 8 cores
*** Operational MODE: preforking+threaded ***
WSGI app 0 (mountpoint='') ready in 0 seconds on interpreter 0x55d74ec344b0 pid: 12106 (default app)
*** uWSGI is running in multiple interpreter mode ***
spawned uWSGI master process (pid: 12106)
spawned uWSGI worker 1 (pid: 12136, cores: 2)
spawned uWSGI worker 2 (pid: 12137, cores: 2)
spawned uWSGI worker 3 (pid: 12138, cores: 2)
spawned uWSGI worker 4 (pid: 12139, cores: 2)
...brutally killing workers...
Gracefully killing worker 1 (pid: 12136)...
worker 1 buried after 2 seconds
worker 2 buried after 2 seconds
worker 3 buried after 2 seconds
worker 4 buried after 2 seconds
binary reloading uWSGI...
chdir() to /home/feesu/桌面/dailyfresh
closing all non-uwsgi socket fds > 2 (max_fd = 1024)...
found fd 3 mapped to socket 0 (127.0.0.1:8081)
running /home/feesu/.virtualenvs/itutor/bin/uwsgi
[uWSGI] getting INI configuration from uwsgi2.ini
*** Starting uWSGI 2.0.19.1 (64bit) on [Sun May 30 00:31:54 2021] ***
compiled with version: 9.3.0 on 28 May 2021 11:16:43
os: Linux-5.8.0-53-generic #60~20.04.1-Ubuntu SMP Thu May 6 09:52:46 UTC 2021
nodename: feesu-virtual-machine
machine: x86_64
clock source: unix
pcre jit disabled
detected number of CPU cores: 1
current working directory: /home/feesu/桌面/dailyfresh
detected binary path: /home/feesu/.virtualenvs/itutor/bin/uwsgi
chdir() to /home/feesu/桌面/dailyfresh
your processes number limit is 51580
your memory page size is 4096 bytes
detected max file descriptor number: 1024
lock engine: pthread robust mutexes
thunder lock: disabled (you can enable it with --thunder-lock)
uwsgi socket 0 inherited INET address 127.0.0.1:8081 fd 3
Python version: 3.6.13 (default, May  3 2021, 02:51:47)  [GCC 9.3.0]
PEP 405 virtualenv detected: /home/feesu/.virtualenvs/itutor
Set PythonHome to /home/feesu/.virtualenvs/itutor
Python main interpreter initialized at 0x55f2114e6de0
python threads support enabled
your server socket listen backlog is limited to 100 connections
your mercy for graceful operations on workers is 60 seconds
mapped 1031270 bytes (1007 KB) for 8 cores
*** Operational MODE: preforking+threaded ***
WSGI app 0 (mountpoint='') ready in 1 seconds on interpreter 0x55f2114e6de0 pid: 12106 (default app)
*** uWSGI is running in multiple interpreter mode ***
gracefully (RE)spawned uWSGI master process (pid: 12106)
spawned uWSGI worker 1 (pid: 37749, cores: 2)
spawned uWSGI worker 2 (pid: 37750, cores: 2)
spawned uWSGI worker 3 (pid: 37751, cores: 2)
spawned uWSGI worker 4 (pid: 37752, cores: 2)
*** Starting uWSGI 2.0.19.1 (64bit) on [Sun May 30 16:49:21 2021] ***
compiled with version: 9.3.0 on 28 May 2021 11:16:43
os: Linux-5.8.0-53-generic #60~20.04.1-Ubuntu SMP Thu May 6 09:52:46 UTC 2021
nodename: feesu-virtual-machine
machine: x86_64
clock source: unix
pcre jit disabled
detected number of CPU cores: 1
current working directory: /home/feesu/桌面/dailyfresh
writing pidfile to uwsgi2.pid
detected binary path: /home/feesu/.virtualenvs/itutor/bin/uwsgi
chdir() to /home/feesu/桌面/dailyfresh
your processes number limit is 51580
your memory page size is 4096 bytes
detected max file descriptor number: 1024
lock engine: pthread robust mutexes
thunder lock: disabled (you can enable it with --thunder-lock)
uwsgi socket 0 bound to TCP address 127.0.0.1:8081 fd 3
Python version: 3.6.13 (default, May  3 2021, 02:51:47)  [GCC 9.3.0]
PEP 405 virtualenv detected: /home/feesu/.virtualenvs/itutor
Set PythonHome to /home/feesu/.virtualenvs/itutor
Python main interpreter initialized at 0x5562a54924b0
python threads support enabled
your server socket listen backlog is limited to 100 connections
your mercy for graceful operations on workers is 60 seconds
mapped 1031270 bytes (1007 KB) for 8 cores
*** Operational MODE: preforking+threaded ***
WSGI app 0 (mountpoint='') ready in 0 seconds on interpreter 0x5562a54924b0 pid: 16750 (default app)
*** uWSGI is running in multiple interpreter mode ***
spawned uWSGI master process (pid: 16750)
spawned uWSGI worker 1 (pid: 16781, cores: 2)
spawned uWSGI worker 2 (pid: 16782, cores: 2)
spawned uWSGI worker 3 (pid: 16783, cores: 2)
spawned uWSGI worker 4 (pid: 16784, cores: 2)
uwsgi_proto_uwsgi_parser(): Resource temporarily unavailable [proto/uwsgi.c line 40]
uwsgi_proto_uwsgi_parser(): Success [proto/uwsgi.c line 40]
uwsgi_proto_uwsgi_parser(): Success [proto/uwsgi.c line 40]
uwsgi_proto_uwsgi_parser(): Success [proto/uwsgi.c line 40]
[pid: 16781|app: 0|req: 1/1] 127.0.0.1 () {40 vars in 624 bytes} [Sun May 30 19:08:44 2021] GET /favicon.ico => generated 179 bytes in 366 msecs (HTTP/1.1 404) 5 headers in 158 bytes (1 switches on core 1)
[pid: 16781|app: 0|req: 2/2] 127.0.0.1 () {42 vars in 695 bytes} [Sun May 30 19:13:40 2021] GET / => generated 179 bytes in 1 msecs (HTTP/1.1 404) 5 headers in 158 bytes (1 switches on core 0)
[pid: 16781|app: 0|req: 3/3] 127.0.0.1 () {42 vars in 695 bytes} [Sun May 30 19:17:35 2021] GET / => generated 179 bytes in 0 msecs (HTTP/1.1 404) 5 headers in 158 bytes (1 switches on core 1)
